2020-02-11 10:23:51,234 - access - INFO - user 1234 just logged in 
2020-02-11 10:25:29,310 - access - INFO - user 1234 just logged in 
2020-02-11 10:26:25,107 - access - INFO - user 1234 just logged in 
2020-02-11 10:28:40,409 - access - INFO - user 1234 just logged in 
2020-02-11 10:30:01,994 - access - INFO - user 4414 just logged in 
2020-02-11 10:31:11,714 - access - INFO - user 4414 just logged in 
2020-02-11 10:48:33,788 - access - INFO - user 1234 just logged in 
2020-02-11 14:01:20,394 - access - INFO - user 1234 just logged in 
2020-02-11 14:02:02,394 - access - INFO - user 1234 just logged in 
2020-02-11 14:02:56,004 - access - INFO - user 1234 just logged in 
2020-02-11 14:26:15,163 - access - INFO - user 1234 just logged in 
2020-02-11 14:28:07,972 - access - INFO - user 4414 just logged in 
2020-02-11 14:33:36,532 - access - INFO - user 4414 just logged in 
2020-02-11 14:34:58,957 - access - INFO - user 4414 just logged in 
2020-02-11 14:36:35,812 - access - INFO - user 4414 just logged in 
2020-02-11 14:37:34,686 - access - INFO - user 4414 just logged in 
2020-02-11 16:12:53,808 - access - INFO - user 4414 just logged in 
2020-02-11 16:13:32,536 - access - INFO - user 4414 just logged in 
2020-02-12 08:09:38,137 - access - INFO - user 1234 just logged in 
2020-02-12 08:10:07,903 - access - INFO - user 4414 just logged in 
2020-02-12 08:14:22,183 - access - INFO - user 4414 just logged in 
2020-02-12 08:14:24,739 - access - INFO - account [4414] logout ATM
2020-02-12 08:36:38,879 - access - INFO - user 4414 just logged in 
2020-02-16 20:54:26,606 - access - INFO - user 1234 just logged in 
2020-02-16 20:57:54,059 - access - INFO - user 4414 just logged in 
2020-02-16 21:00:52,051 - access - INFO - user 4414 just logged in 
2020-02-16 21:02:26,106 - access - INFO - user 4414 just logged in 
2020-02-16 21:02:56,230 - access - INFO - user 4414 just logged in 
2020-02-16 21:03:07,943 - access - INFO - user 4414 just logged in 
2020-02-16 21:03:59,888 - access - INFO - user 4414 just logged in 
2020-02-16 21:04:47,029 - access - INFO - account 4414 just log out ATM
2020-02-16 21:05:01,215 - access - INFO - user 4414 just logged in 
2020-02-16 21:06:24,063 - access - INFO - user 4414 just logged in 
2020-02-16 21:06:54,876 - access - INFO - user 4414 just logged in 
2020-02-16 21:08:51,236 - access - INFO - user 4414 just logged in 
2020-02-16 21:25:36,831 - access - INFO - user 1234 just logged in 
2020-02-16 21:26:05,345 - access - INFO - user 4414 just logged in 
2020-02-16 21:27:59,718 - access - INFO - user 1234 just logged in 
2020-02-16 21:30:08,848 - access - INFO - user 1234 just logged in 
2020-02-16 22:57:35,934 - access - INFO - user 4414 just logged in 
2020-02-16 22:59:18,229 - access - INFO - user 4414 just logged in 
2020-02-16 22:59:57,877 - access - INFO - user 4414 just logged in 
2020-02-17 14:55:55,773 - access - INFO - user 1234 just logged in 
2020-02-17 14:59:04,821 - access - INFO - user 1234 just logged in 
2020-02-17 18:37:29,342 - access - INFO - user admin just logged in 
2020-02-17 18:42:29,061 - access - INFO - user admin just logged in 
2020-02-17 18:42:45,515 - access - INFO - user admin just logged in 
2020-02-17 18:43:26,746 - access - INFO - user admin just logged in 
2020-02-17 21:30:21,862 - access - INFO - user admin just logged in 
2020-02-17 21:31:44,932 - access - INFO - user admin just logged in 
2020-02-17 21:44:26,237 - access - INFO - user admin just logged in 
2020-02-17 21:50:26,966 - access - INFO - user admin just logged in 
2020-02-17 21:52:17,274 - access - INFO - user admin just logged in 
2020-02-17 21:54:07,501 - access - INFO - user admin just logged in 
2020-02-17 21:56:22,159 - access - INFO - user admin just logged in 
2020-02-17 21:57:22,896 - access - INFO - user admin just logged in 
2020-02-17 21:57:24,167 - access - INFO - account admin just log out ATM
2020-02-17 22:17:28,945 - access - INFO - user admin just logged in 
2020-02-17 22:18:18,978 - access - INFO - user admin just logged in 
2020-02-17 22:18:53,886 - access - INFO - user admin just logged in 
2020-02-17 22:29:08,959 - access - INFO - user 4414 just logged in 
2020-02-17 22:34:06,008 - access - INFO - user admin just logged in 
2020-02-17 22:34:38,354 - access - INFO - user 4414 just logged in 
2020-02-17 22:38:12,396 - access - INFO - user 4414 just logged in 
2020-02-17 22:42:38,518 - access - INFO - user admin just logged in 
2020-02-17 22:43:59,524 - access - INFO - user admin just logged in 
2020-02-17 22:45:01,100 - access - INFO - user admin just logged in 
2020-02-17 22:51:59,684 - access - INFO - user admin just logged in 
